2B8300:
  329421FFF0419D00283D20....546B103A3929....7C0B482E7C004A14:
    0. E2 B248 1070 0000:ssl_verify_alarm_type 0080:ssl3_setup_buffers 0180:ssl_cert_type 0240:ssl3_get_message 06F0:ssl3_output_cert_chain 0B50:ssl3_get_finished 0C80:ssl3_do_write 0DA0:ssl3_send_finished 0F50:ssl3_send_change_cipher_spec
  6E9421FFF0419D00283D20....546B103A3929....7C0B482E7C004A14:
    0. FF 9F74 1910 0000:tls1_alert_code (l)0100:tls1_P_hash 0310:tls1_mac 0550:tls1_cert_verify_mac 05C0:tls1_enc 0970:tls1_setup_key_block 0D00:tls1_generate_master_secret 0EF0:tls1_final_finish_mac 1130:tls1_change_cipher_state
2C0700009421FFF0408200488063005C38210010A123008298A300A4B1230080:
  0. FF DF3E 1E10 0000:dtls1_set_message_header 0080:dtls1_get_ccs_header 00A0:dtls1_get_message_header (l)0160:dtls1_preprocess_fragment 02D0:dtls1_do_write 0830:dtls1_retransmit_message 09B0:dtls1_read_failed 0B60:dtls1_output_cert_chain (l)0F90:dtls1_get_message_fragment 15B0:dtls1_clear_record_buffer 1630:dtls1_buffer_message 1870:dtls1_send_change_cipher_spec 1990:dtls1_send_finished 1AC0:dtls1_get_message
708000019421FFF038800000408200348143005C816300583800000038210010:
  0. FF 3564 2480 0000:dtls1_reset_seq_numbers 00B0:do_dtls1_write 0520:dtls1_dispatch_alert 0720:dtls1_write_bytes (l)0810:dtls1_retrieve_buffered_record (l)08E0:dtls1_buffer_record (l)0B20:dtls1_process_record 0F50:dtls1_write_app_data_bytes 1220:dtls1_get_record 1960:dtls1_read_bytes
7C0802A69421FF:
  607D8000262D830000900100A43800003A934100887C7A1B78:
    0. 7D 77A5 1310 0000:d2i_SSL_SESSION 0CA0:i2d_SSL_SESSION
  D0:
    9001003493C100287C9E237893E1002C9361001C93810020:
      0. 41 613F 0190 0000:ssl23_read_bytes 00B0:ssl23_write_bytes
    93:
      A100247C7D1B787C8323789381002093C100287C9E2378:
        0. 11 090B 1B70 (l)0000:ssl_set_cert 01E0:SSL_CTX_use_certificate 0290:SSL_use_certificate (l)0340:ssl_set_pkey 04F0:SSL_CTX_use_PrivateKey 05A0:SSL_use_PrivateKey 0650:SSL_CTX_use_RSAPrivateKey 0770:SSL_CTX_use_RSAPrivateKey_ASN1 0830:SSL_CTX_use_RSAPrivateKey_file 09D0:SSL_use_RSAPrivateKey 0AF0:SSL_use_RSAPrivateKey_ASN1 0BB0:SSL_use_RSAPrivateKey_file 0D60:SSL_CTX_use_PrivateKey_file 0F50:SSL_use_certificate_ASN1 1050:SSL_CTX_use_PrivateKey_ASN1 1150:SSL_use_PrivateKey_ASN1 1250:SSL_use_certificate_file 1440:SSL_use_PrivateKey_file 1630:SSL_CTX_use_certificate_chain_file 1890:SSL_CTX_use_certificate_ASN1 1990:SSL_CTX_use_certificate_file
      E1002C7C9F237993C100289381002093A1002490010034:
        0. 0A D13E 0500 0000:SSL_SESSION_print 0440:SSL_SESSION_print_fp
  E0:
    2C05000093E1001C93C100187C7F1B7890010024418000C8:
      0. 66 0A72 1070 0000:ssl2_part_read (l)0110:read_n (l)0410:ssl2_read_internal 0990:ssl2_peek 09A0:ssl2_read 09B0:ssl2_write 0FB0:ssl2_do_write
    9001002493A10014:
      48......48......48......3FA0:
        0. 01 343E 0150 0000:SSL_library_init
      93E1001C7C7F1B788163005880030034:
        0. FF 12DE 1FB0 0000:ssl3_do_change_cipher_spec 0140:ssl3_send_alert 0250:ssl3_write_pending 03C0:ssl3_do_compress 0430:ssl3_do_uncompress 04A0:ssl3_read_n 0770:ssl3_read_bytes (l)17C0:do_ssl3_write 1CD0:ssl3_dispatch_alert 1E10:ssl3_write_bytes
  F0:
    2F84000090010014419E0060816300548123008880CB0048:
      0. DD F01F 0480 0000:ssl2_enc 0090:ssl2_mac 01B0:ssl2_enc_init
    3D20....3C80....386000003884....900100148009:
      0. 0E CEC9 0060 0000:ERR_load_SSL_strings
    9001001448......48......80010014382100107C0803A6:
      0. 10 DCE9 0030 0000:SSL_load_error_strings
7D8000267C0802A69421FFD02D84000093A10024932100147C7D1B7893410018:
  0. 46 C20B 0420 0000:dtls1_enc
892300079421FFF0392900015529063E2F89000099230007409E00A089230006:
  0. AE 7BFA 1640 0000:ssl3_record_sequence_update 00C0:ssl3_alert_code 0160:ssl3_init_finished_mac 01C0:ssl3_finish_mac 0220:ssl3_generate_master_secret (l)0540:ssl3_handshake_mac 06B0:ssl3_final_finish_mac 0740:ssl3_cert_verify_mac 0760:ssl3_enc 09F0:ssl3_cleanup_key_block 0A60:ssl3_change_cipher_state 1000:ssl3_mac 1270:ssl3_setup_key_block
9421FFF0:
  3860:
    012C382100104E8000209421FFF03C60....3863....38210010:
      0. 3A 8260 08D0 0000:ssl2_default_timeout 0010:sslv2_base_method 0030:ssl2_num_ciphers 0040:ssl2_get_cipher 0070:ssl2_ctrl 00A0:ssl2_callback_ctrl 00B0:ssl2_ctx_ctrl 00C0:ssl2_ctx_callback_ctrl 00D0:ssl2_put_cipher_by_char 0120:ssl2_shutdown 0140:ssl2_write_error 0270:ssl2_generate_key_material 0490:ssl2_get_cipher_by_char 0530:ssl2_clear 05C0:ssl2_free 0640:ssl2_pending 0690:ssl2_new 07E0:ssl2_return_error
      1. 75 E79B 0450 0000:ssl23_default_timeout 0010:sslv23_base_method 0030:ssl23_put_cipher_by_char 0070:ssl23_write 0160:ssl23_peek 0250:ssl23_read 0340:ssl23_get_cipher_by_char 03B0:ssl23_get_cipher 0410:ssl23_num_ciphers
    1C20382100104E8000209421FFF03C60....3863....38210010:
      0. 25 43A4 0330 0000:dtls1_default_timeout 0010:dtlsv1_base_method 0030:dtls1_clear 0070:dtls1_free 01C0:dtls1_new (0005: 00)
      1. 25 43A4 00F0 0000:tls1_default_timeout 0010:tlsv1_base_method 0030:tls1_clear 0070:tls1_free 0090:tls1_new (0005: 03)
      2. 3A 70F6 14B0 0000:ssl3_default_timeout 0010:sslv3_base_method 0030:ssl3_num_ciphers 0040:ssl3_get_cipher 0070:ssl3_pending 00C0:ssl3_ctx_callback_ctrl 0150:ssl3_put_cipher_by_char 01A0:ssl3_get_req_cert_type 02C0:ssl3_renegotiate 0310:ssl3_renegotiate_check 03C0:ssl3_shutdown 04D0:ssl3_choose_cipher 0600:ssl3_get_cipher_by_char 0690:ssl3_ctx_ctrl 0990:ssl3_callback_ctrl 0AC0:ssl3_ctrl 0EC0:ssl3_clear 0FF0:ssl3_free 10F0:ssl3_new 1180:ssl3_write (l)1320:ssl3_read_internal 1490:ssl3_peek 14A0:ssl3_read
  3C60....3863....382100104E800020600000006000000060000000:
    0. 1A 3671 0050 0000:DTLSv1_method (l)0020:dtls1_get_method
    1. 35 3D9C 1AE0 0000:SSLv2_client_method 0020:ssl2_set_certificate (l)0240:client_certificate 06D0:ssl2_connect (l)1AC0:ssl2_get_client_method
    2. 29 80D8 3A80 0000:SSLv3_server_method 0020:ssl3_send_server_certificate 00D0:ssl3_send_server_done 0150:ssl3_send_hello_request 01D0:ssl3_get_client_certificate 0790:ssl3_get_cert_verify 0B20:ssl3_check_client_hello 0BD0:ssl3_get_client_key_exchange 1460:ssl3_send_certificate_request 1710:ssl3_send_server_key_exchange 24F0:ssl3_send_server_hello 2710:ssl3_get_client_hello (l)2EA0:ssl3_get_server_method 2EC0:ssl3_accept (0026: 24)
    3. 29 80D8 1BC0 0000:DTLSv1_server_method 0020:dtls1_send_server_certificate 00E0:dtls1_send_certificate_request 03F0:dtls1_send_server_done 0490:dtls1_send_hello_request 0530:dtls1_send_server_key_exchange 0D30:dtls1_send_server_hello (l)0F40:dtls1_get_server_method 0F70:dtls1_accept (0026: 34)
    4. 12 8464 0040 0000:SSLv2_method (l)0020:ssl2_get_method
    5. 45 9F4A 0D80 0000:BIO_f_ssl 0020:BIO_ssl_shutdown 0080:BIO_ssl_copy_session_id 0110:BIO_new_ssl 01C0:BIO_new_ssl_connect 0260:BIO_new_buffer_ssl_connect (l)0300:ssl_callback_ctrl (l)0360:ssl_free (l)0410:ssl_new (l)04D0:ssl_puts (l)0520:ssl_read (l)06E0:ssl_write (l)0890:ssl_ctrl
    6. 12 DB26 0040 0000:TLSv1_method (l)0020:tls1_get_method
    7. 76 E7B9 1AC0 0000:SSLv2_server_method (l)0020:request_certificate 0650:ssl2_accept (l)1AA0:ssl2_get_server_method
    8. 6D EC75 3B00 0000:SSLv3_client_method 0020:ssl3_check_cert_and_algorithm 03E0:ssl3_get_server_done 0480:ssl3_send_client_certificate 0700:ssl3_send_client_verify 09B0:ssl3_send_client_key_exchange 1110:ssl3_get_certificate_request (l)1570:ca_dn_cmp 15A0:ssl3_get_key_exchange 23E0:ssl3_get_server_certificate 2970:ssl3_get_server_hello 2E40:ssl3_client_hello (l)3190:ssl3_get_client_method 31B0:ssl3_connect
    9. 21 ED87 0D20 0000:SSLv23_client_method (l)0020:ssl23_get_client_method 0090:ssl23_connect (0056: A0)
    10. 21 ED87 0AF0 0000:SSLv23_server_method (l)0020:ssl23_get_server_method 0090:ssl23_get_client_hello 0820:ssl23_accept (0056: C0)
    11. 12 F16E 0040 0000:SSLv3_method (l)0020:ssl3_get_method
    12. 12 F16E 0040 0000:SSLv3_method (l)0020:ssl3_get_method
    13. 51 F72C 1770 0000:DTLSv1_client_method 0020:dtls1_send_client_certificate 02B0:dtls1_send_client_verify 0510:dtls1_send_client_key_exchange 0960:dtls1_client_hello 0CE0:dtls1_connect (l)1740:dtls1_get_client_method
  600000006000000080:
    0300342F802010419E00AC409D00582F802131:
      0. 3E 7C14 1650 0000:SSL_state_string_long 0960:SSL_rstate_string_long 09C0:SSL_state_string 12B0:SSL_alert_type_string_long 12F0:SSL_alert_type_string 1330:SSL_alert_desc_string 1490:SSL_alert_desc_string_long 15F0:SSL_rstate_string
    6300:
      0C382100104E8000206000000060000000:
        0. FF FD35 46D0 0000:SSL_get_rbio 0020:SSL_get_wbio 0040:SSL_get_verify_mode 0060:SSL_get_verify_callback 0080:SSL_CTX_get_verify_mode 00A0:SSL_CTX_get_verify_callback 00C0:SSL_set_verify 00E0:SSL_set_read_ahead 00F0:SSL_get_read_ahead 0110:SSL_pending 0140:SSL_get_peer_cert_chain 0180:SSL_get_default_timeout 01B0:SSL_renegotiate 0200:SSL_renegotiate_pending 0220:SSL_ctrl 0310:SSL_callback_ctrl 0380:SSL_CTX_sessions 03A0:SSL_CTX_ctrl 04F0:SSL_CTX_callback_ctrl 0560:ssl_cipher_id_cmp 05A0:ssl_cipher_ptr_id_cmp 05E0:SSL_get_ciphers 0620:ssl_get_ciphers_by_id 0660:SSL_SESSION_hash 06A0:SSL_CTX_set_default_passwd_cb 06B0:SSL_CTX_set_default_passwd_cb_userdata 06C0:SSL_CTX_set_cert_verify_callback 06E0:SSL_CTX_set_verify 0700:SSL_get_ssl_method 0720:SSL_set_ssl_method 0820:SSL_get_version 0890:SSL_get_certificate 08C0:SSL_get_privatekey 08F0:SSL_get_current_cipher 0920:SSL_get_current_compression 0950:SSL_get_current_expansion 0980:SSL_CTX_set_quiet_shutdown 0990:SSL_CTX_get_quiet_shutdown 09B0:SSL_set_quiet_shutdown 09C0:SSL_get_quiet_shutdown 09E0:SSL_set_shutdown 09F0:SSL_get_shutdown 0A10:SSL_version 0A30:SSL_get_SSL_CTX 0A50:SSL_set_info_callback 0A60:SSL_get_info_callback 0A80:SSL_state 0AA0:SSL_set_verify_result 0AB0:SSL_get_verify_result 0AD0:ssl_ok 0AE0:SSL_CTX_get_cert_store 0B00:SSL_want 0B20:SSL_CTX_set_cert_store 0B70:SSL_CTX_get_ex_data 0BA0:SSL_get_ex_data 0BD0:SSL_CTX_set_ex_data 0C00:SSL_set_ex_data 0C30:SSL_CTX_get_ex_new_index 0C80:SSL_get_ex_new_index 0CD0:SSL_CTX_load_verify_locations 0D00:SSL_CTX_set_default_verify_paths 0D30:ssl_free_wbio_buffer 0DA0:ssl_bad_method 0DE0:ssl_undefined_const_function 0E20:ssl_undefined_void_function 0E60:ssl_undefined_function 0EA0:ssl_get_sign_pkey 0F70:SSL_write 1010:SSL_peek 1090:SSL_read 1130:ssl_init_wbio_buffer 1290:ssl_clear_cipher_ctx 1340:SSL_set_connect_state 1370:SSL_set_accept_state 13A0:ssl_cipher_list_to_bytes 1490:SSL_get_peer_certificate 1500:ssl_update_cache 1660:check_srvr_ecc_cert_and_alg 1820:ssl_set_cert_masks 1D00:ssl_get_server_send_cert 1DE0:SSL_CTX_set_verify_depth 1E10:SSL_set_verify_depth 1E40:SSL_CTX_free 1F70:SSL_set_cipher_list 2000:SSL_CTX_set_cipher_list 2090:SSL_CTX_set_ssl_version 2130:SSL_CTX_new 2460:SSL_SESSION_cmp 24E0:ssl_bytes_to_cipher_list 26E0:SSL_get_shared_ciphers 2820:SSL_check_private_key 2900:SSL_CTX_check_private_key 29B0:SSL_CTX_get_verify_depth 29E0:SSL_get_verify_depth 2A10:SSL_get_peer_finished 2A80:SSL_get_finished 2AF0:SSL_set_session_id_context 2B60:SSL_CTX_set_session_id_context 2BD0:SSL_get_rfd 2C20:SSL_set_bio 2CE0:SSL_free 2E80:SSL_clear 3070:SSL_set_trust 30A0:SSL_CTX_set_trust 30D0:SSL_set_purpose 3100:SSL_CTX_set_purpose 3130:SSL_set_generate_session_id 31B0:SSL_CTX_set_generate_session_id 3230:SSL_has_matching_session_id 3350:SSL_new 3660:SSL_get_wfd 36B0:SSL_do_handshake 3750:SSL_shutdown 37D0:SSL_get_error (l)3910:SSL_SESSION_hash_LHASH_HASH 3950:SSL_get_cipher_list (l)39E0:SSL_SESSION_cmp_LHASH_COMP 3A60:SSL_accept 3B00:SSL_connect 3BB0:SSL_CTX_set_tmp_rsa_callback 3BF0:SSL_CTX_set_tmp_ecdh_callback 3C30:SSL_CTX_set_tmp_dh_callback 3C70:SSL_set_msg_callback 3C80:SSL_set_tmp_ecdh_callback 3CC0:SSL_set_tmp_dh_callback 3D00:SSL_set_tmp_rsa_callback 3D40:SSL_CTX_set_msg_callback 3D50:SSL_get_fd 3DA0:SSL_copy_session_id 3EE0:SSL_dup 4210:SSL_set_wfd 43E0:SSL_set_fd 4500:SSL_set_rfd
      BC382100104E8000206000000060000000:
        0. FF E70C 1640 0000:SSL_get_session 0020:SSL_SESSION_get_id 0050:SSL_SESSION_set_timeout 0080:SSL_SESSION_get_timeout 00A0:SSL_SESSION_get_time 00C0:SSL_SESSION_set_time 00F0:SSL_CTX_set_timeout 0120:SSL_CTX_get_timeout 0140:SSL_get1_session 01C0:SSL_CTX_flush_sessions 0270:SSL_SESSION_free 0350:SSL_set_session (l)04D0:def_generate_session_id 0730:SSL_SESSION_new 07F0:SSL_SESSION_get_ex_data 0820:SSL_SESSION_set_ex_data 0850:SSL_SESSION_get_ex_new_index (l)08A0:timeout_LHASH_DOALL_ARG (l)09F0:remove_session_lock 0C30:SSL_CTX_remove_session 0C40:SSL_CTX_add_session 0F00:ssl_clear_bad_session 0F90:ssl_get_prev_session 12C0:ssl_get_new_session
  816400006000000081230000806B000038210010800900007C630050:
    0. 16 BA77 1AF0 (l)0000:sk_comp_cmp 0030:SSL_CIPHER_get_version 0080:SSL_CIPHER_get_name 00B0:SSL_CIPHER_get_bits 00E0:SSL_COMP_get_name (l)0100:load_builtin_compressions 0240:SSL_COMP_add_compression_method 0410:SSL_COMP_get_compression_methods 0440:ssl3_comp_find 04E0:SSL_CIPHER_description 0B00:ssl_cipher_get_evp 0D70:ssl_load_ciphers (l)0E40:ssl_cipher_process_rulestr 15C0:ssl_create_cipher_list
  9083000438600001382100104E800020600000006000000060000000:
    0. A2 A8F2 15C0 0000:ssl_set_peer_cert_type 0020:SSL_CTX_get_client_CA_list 0040:SSL_get_client_CA_list 00B0:SSL_add_file_cert_subjects_to_stack 0220:SSL_add_dir_cert_subjects_to_stack (l)0410:xname_cmp (l)0440:add_client_CA 0520:SSL_CTX_add_client_CA 0530:SSL_add_client_CA 0540:SSL_CTX_set_client_CA_list 05A0:SSL_load_client_CA_file 07C0:SSL_dup_CA_list 0880:ssl_sess_cert_free 09A0:ssl_sess_cert_new 0A30:ssl_cert_new 0AC0:ssl_cert_free 0C20:ssl_cert_dup 1120:SSL_get_ex_data_X509_STORE_CTX_idx 11F0:SSL_set_client_CA_list 1250:ssl_cert_inst 1390:ssl_verify_cert_chain
